-------------------------------------------------------------------------------
Test set: NotificationServiceTest
-------------------------------------------------------------------------------
Tests run: 1, Failures: 1, Errors: 0, Skipped: 0, Time elapsed: 0.95 s <<< FAILURE! - in NotificationServiceTest
testNotifyUserWhenSendingEmailIsSuccesful  Time elapsed: 0.941 s  <<< FAILURE!
org.opentest4j.AssertionFailedError: expected: <Email send succesul> but was: <Email  succesul>
	at NotificationServiceTest.testNotifyUserWhenSendingEmailIsSuccesful(NotificationServiceTest.java:36)

